-------------------------------------------------------------------------------
Test set: com.raveenm.flooringmastery.service.FlooringMasteryServiceFileImplTest
-------------------------------------------------------------------------------
Tests run: 14, Failures: 0, Errors: 14, Skipped: 0, Time elapsed: 0.154 sec <<< FAILURE! - in com.raveenm.flooringmastery.service.FlooringMasteryServiceFileImplTest
testInvalidDateGetSummary  Time elapsed: 0.005 sec  <<< ERROR!
org.springframework.beans.factory.BeanDefinitionStoreException: IOException parsing XML document from class path resource [applicationContext.txt]; nested exception is java.io.FileNotFoundException: class path resource [applicationContext.txt] cannot be opened because it does not exist
	at com.raveenm.flooringmastery.service.FlooringMasteryServiceFileImplTest.<init>(FlooringMasteryServiceFileImplTest.java:42)
Caused by: java.io.FileNotFoundException: class path resource [applicationContext.txt] cannot be opened because it does not exist
	at com.raveenm.flooringmastery.service.FlooringMasteryServiceFileImplTest.<init>(FlooringMasteryServiceFileImplTest.java:42)

testGetAllTaxes  Time elapsed: 0.001 sec  <<< ERROR!
org.springframework.beans.factory.BeanDefinitionStoreException: IOException parsing XML document from class path resource [applicationContext.txt]; nested exception is java.io.FileNotFoundException: class path resource [applicationContext.txt] cannot be opened because it does not exist
	at com.raveenm.flooringmastery.service.FlooringMasteryServiceFileImplTest.<init>(FlooringMasteryServiceFileImplTest.java:42)
Caused by: java.io.FileNotFoundException: class path resource [applicationContext.txt] cannot be opened because it does not exist
	at com.raveenm.flooringmastery.service.FlooringMasteryServiceFileImplTest.<init>(FlooringMasteryServiceFileImplTest.java:42)

testInvalidStateGetSummary  Time elapsed: 0 sec  <<< ERROR!
org.springframework.beans.factory.BeanDefinitionStoreException: IOException parsing XML document from class path resource [applicationContext.txt]; nested exception is java.io.FileNotFoundException: class path resource [applicationContext.txt] cannot be opened because it does not exist
	at com.raveenm.flooringmastery.service.FlooringMasteryServiceFileImplTest.<init>(FlooringMasteryServiceFileImplTest.java:42)
Caused by: java.io.FileNotFoundException: class path resource [applicationContext.txt] cannot be opened because it does not exist
	at com.raveenm.flooringmastery.service.FlooringMasteryServiceFileImplTest.<init>(FlooringMasteryServiceFileImplTest.java:42)

testGetEditOrder  Time elapsed: 0.001 sec  <<< ERROR!
org.springframework.beans.factory.BeanDefinitionStoreException: IOException parsing XML document from class path resource [applicationContext.txt]; nested exception is java.io.FileNotFoundException: class path resource [applicationContext.txt] cannot be opened because it does not exist
	at com.raveenm.flooringmastery.service.FlooringMasteryServiceFileImplTest.<init>(FlooringMasteryServiceFileImplTest.java:42)
Caused by: java.io.FileNotFoundException: class path resource [applicationContext.txt] cannot be opened because it does not exist
	at com.raveenm.flooringmastery.service.FlooringMasteryServiceFileImplTest.<init>(FlooringMasteryServiceFileImplTest.java:42)

testInvalidSqFootagetGetSummary  Time elapsed: 0.001 sec  <<< ERROR!
org.springframework.beans.factory.BeanDefinitionStoreException: IOException parsing XML document from class path resource [applicationContext.txt]; nested exception is java.io.FileNotFoundException: class path resource [applicationContext.txt] cannot be opened because it does not exist
	at com.raveenm.flooringmastery.service.FlooringMasteryServiceFileImplTest.<init>(FlooringMasteryServiceFileImplTest.java:42)
Caused by: java.io.FileNotFoundException: class path resource [applicationContext.txt] cannot be opened because it does not exist
	at com.raveenm.flooringmastery.service.FlooringMasteryServiceFileImplTest.<init>(FlooringMasteryServiceFileImplTest.java:42)

testAddOrder  Time elapsed: 0.001 sec  <<< ERROR!
org.springframework.beans.factory.BeanDefinitionStoreException: IOException parsing XML document from class path resource [applicationContext.txt]; nested exception is java.io.FileNotFoundException: class path resource [applicationContext.txt] cannot be opened because it does not exist
	at com.raveenm.flooringmastery.service.FlooringMasteryServiceFileImplTest.<init>(FlooringMasteryServiceFileImplTest.java:42)
Caused by: java.io.FileNotFoundException: class path resource [applicationContext.txt] cannot be opened because it does not exist
	at com.raveenm.flooringmastery.service.FlooringMasteryServiceFileImplTest.<init>(FlooringMasteryServiceFileImplTest.java:42)

testGetProduct  Time elapsed: 0.001 sec  <<< ERROR!
org.springframework.beans.factory.BeanDefinitionStoreException: IOException parsing XML document from class path resource [applicationContext.txt]; nested exception is java.io.FileNotFoundException: class path resource [applicationContext.txt] cannot be opened because it does not exist
	at com.raveenm.flooringmastery.service.FlooringMasteryServiceFileImplTest.<init>(FlooringMasteryServiceFileImplTest.java:42)
Caused by: java.io.FileNotFoundException: class path resource [applicationContext.txt] cannot be opened because it does not exist
	at com.raveenm.flooringmastery.service.FlooringMasteryServiceFileImplTest.<init>(FlooringMasteryServiceFileImplTest.java:42)

testGetAllOrders  Time elapsed: 0.001 sec  <<< ERROR!
org.springframework.beans.factory.BeanDefinitionStoreException: IOException parsing XML document from class path resource [applicationContext.txt]; nested exception is java.io.FileNotFoundException: class path resource [applicationContext.txt] cannot be opened because it does not exist
	at com.raveenm.flooringmastery.service.FlooringMasteryServiceFileImplTest.<init>(FlooringMasteryServiceFileImplTest.java:42)
Caused by: java.io.FileNotFoundException: class path resource [applicationContext.txt] cannot be opened because it does not exist
	at com.raveenm.flooringmastery.service.FlooringMasteryServiceFileImplTest.<init>(FlooringMasteryServiceFileImplTest.java:42)

testGetOrderSummary  Time elapsed: 0.001 sec  <<< ERROR!
org.springframework.beans.factory.BeanDefinitionStoreException: IOException parsing XML document from class path resource [applicationContext.txt]; nested exception is java.io.FileNotFoundException: class path resource [applicationContext.txt] cannot be opened because it does not exist
	at com.raveenm.flooringmastery.service.FlooringMasteryServiceFileImplTest.<init>(FlooringMasteryServiceFileImplTest.java:42)
Caused by: java.io.FileNotFoundException: class path resource [applicationContext.txt] cannot be opened because it does not exist
	at com.raveenm.flooringmastery.service.FlooringMasteryServiceFileImplTest.<init>(FlooringMasteryServiceFileImplTest.java:42)

testInvalidCustomerNameGetSummary  Time elapsed: 0 sec  <<< ERROR!
org.springframework.beans.factory.BeanDefinitionStoreException: IOException parsing XML document from class path resource [applicationContext.txt]; nested exception is java.io.FileNotFoundException: class path resource [applicationContext.txt] cannot be opened because it does not exist
	at com.raveenm.flooringmastery.service.FlooringMasteryServiceFileImplTest.<init>(FlooringMasteryServiceFileImplTest.java:42)
Caused by: java.io.FileNotFoundException: class path resource [applicationContext.txt] cannot be opened because it does not exist
	at com.raveenm.flooringmastery.service.FlooringMasteryServiceFileImplTest.<init>(FlooringMasteryServiceFileImplTest.java:42)

testGetTax  Time elapsed: 0.001 sec  <<< ERROR!
org.springframework.beans.factory.BeanDefinitionStoreException: IOException parsing XML document from class path resource [applicationContext.txt]; nested exception is java.io.FileNotFoundException: class path resource [applicationContext.txt] cannot be opened because it does not exist
	at com.raveenm.flooringmastery.service.FlooringMasteryServiceFileImplTest.<init>(FlooringMasteryServiceFileImplTest.java:42)
Caused by: java.io.FileNotFoundException: class path resource [applicationContext.txt] cannot be opened because it does not exist
	at com.raveenm.flooringmastery.service.FlooringMasteryServiceFileImplTest.<init>(FlooringMasteryServiceFileImplTest.java:42)

testGetAllProducts  Time elapsed: 0.001 sec  <<< ERROR!
org.springframework.beans.factory.BeanDefinitionStoreException: IOException parsing XML document from class path resource [applicationContext.txt]; nested exception is java.io.FileNotFoundException: class path resource [applicationContext.txt] cannot be opened because it does not exist
	at com.raveenm.flooringmastery.service.FlooringMasteryServiceFileImplTest.<init>(FlooringMasteryServiceFileImplTest.java:42)
Caused by: java.io.FileNotFoundException: class path resource [applicationContext.txt] cannot be opened because it does not exist
	at com.raveenm.flooringmastery.service.FlooringMasteryServiceFileImplTest.<init>(FlooringMasteryServiceFileImplTest.java:42)

testInvalidProductGetSummary  Time elapsed: 0.001 sec  <<< ERROR!
org.springframework.beans.factory.BeanDefinitionStoreException: IOException parsing XML document from class path resource [applicationContext.txt]; nested exception is java.io.FileNotFoundException: class path resource [applicationContext.txt] cannot be opened because it does not exist
	at com.raveenm.flooringmastery.service.FlooringMasteryServiceFileImplTest.<init>(FlooringMasteryServiceFileImplTest.java:42)
Caused by: java.io.FileNotFoundException: class path resource [applicationContext.txt] cannot be opened because it does not exist
	at com.raveenm.flooringmastery.service.FlooringMasteryServiceFileImplTest.<init>(FlooringMasteryServiceFileImplTest.java:42)

testGetRemoveOrder  Time elapsed: 0 sec  <<< ERROR!
org.springframework.beans.factory.BeanDefinitionStoreException: IOException parsing XML document from class path resource [applicationContext.txt]; nested exception is java.io.FileNotFoundException: class path resource [applicationContext.txt] cannot be opened because it does not exist
	at com.raveenm.flooringmastery.service.FlooringMasteryServiceFileImplTest.<init>(FlooringMasteryServiceFileImplTest.java:42)
Caused by: java.io.FileNotFoundException: class path resource [applicationContext.txt] cannot be opened because it does not exist
	at com.raveenm.flooringmastery.service.FlooringMasteryServiceFileImplTest.<init>(FlooringMasteryServiceFileImplTest.java:42)

