-------------------------------------------------------------------------------
Test set: com.raveenm.flooringmastery.dao.FlooringMasteryProductDaoFileImplTest
-------------------------------------------------------------------------------
Tests run: 1, Failures: 1, Errors: 0, Skipped: 0, Time elapsed: 0 sec <<< FAILURE! - in com.raveenm.flooringmastery.dao.FlooringMasteryProductDaoFileImplTest
testSomeMethod  Time elapsed: 0 sec  <<< FAILURE!
org.opentest4j.AssertionFailedError: The test case is a prototype.
	at com.raveenm.flooringmastery.dao.FlooringMasteryProductDaoFileImplTest.testSomeMethod(FlooringMasteryProductDaoFileImplTest.java:36)

